<?xml version="1.0" encoding="UTF-8"?>
<testsuites name="TS" time="42.053" tests="1" failures="0" errors="0">
   <testsuite name="TS" tests="1" failures="0" errors="0" time="42.053" skipped="0" timestamp="2025-10-04T11:42:10.553Z" hostname="kazuakiurayama - localhost" id="Test Suites/TS">
      <properties>
         <property name="deviceName" value=""/>
         <property name="devicePlatform"/>
         <property name="logFolder" value="/Users/kazuakiurayama/katalon-workspace/ContextTrace/app/Reports/20251004_204203/TS/20251004_204203"/>
         <property name="logFiles" value="/Users/kazuakiurayama/katalon-workspace/ContextTrace/app/Reports/20251004_204203/TS/20251004_204203/execution0.log, /Users/kazuakiurayama/katalon-workspace/ContextTrace/app/Reports/20251004_204203/TS/20251004_204203/console0.log"/>
         <property name="attachments" value="/Users/kazuakiurayama/katalon-workspace/ContextTrace/app/Reports/20251004_204203/TS/20251004_204203/1759578150377.png, /Users/kazuakiurayama/katalon-workspace/ContextTrace/app/Reports/20251004_204203/TS/20251004_204203/1759578157116.png, /Users/kazuakiurayama/katalon-workspace/ContextTrace/app/Reports/20251004_204203/TS/20251004_204203/1759578166156.png, /Users/kazuakiurayama/katalon-workspace/ContextTrace/app/Reports/20251004_204203/TS/20251004_204203/1759578172001.png"/>
         <property name="hostName" value="kazuakiurayama - localhost"/>
         <property name="os" value="Mac OS X 64bit"/>
         <property name="katalonVersion" value="10.3.2.0"/>
         <property name="browser" value="Chrome 141.0.7390.54"/>
         <property name="userFullName" value="URAYAMA,kazuaki"/>
         <property name="hostAddress" value="127.0.0.1"/>
         <property name="sessionId" value="153cd6d9def675a501a045c3cbc2d7b9"/>
         <property name="projectName" value="app"/>
         <property name="seleniumVersion" value="4.28.1"/>
         <property name="proxyInformation" value="ProxyInformation { proxyOption=NO_PROXY, proxyServerType=HTTP, username=, password=********, proxyServerAddress=, proxyServerPort=0, executionList=&quot;&quot;, isApplyToDesiredCapabilities=true }"/>
         <property name="platform" value="Mac OS X"/>
      </properties>
      <testcase name="Test Cases/Main Test Cases/TC2_Verify Successful Appointment" time="41.291" classname="Test Cases/Main Test Cases/TC2_Verify Successful Appointment" status="PASSED">
         <system-out><![CDATA[04-10-2025T20:42:11 - [TEST_CASE][PASSED] - Test Cases/Main Test Cases/TC2_Verify Successful Appointment: Test Cases/Main Test Cases/TC2_Verify Successful Appointment

04-10-2025T20:42:11 - [TEST_STEP][PASSED] - Start listener action : beforeTestCase: null

04-10-2025T20:42:11 - [TEST_STEP][PASSED] - ContextTrace.setTestCaseContext(context): null

04-10-2025T20:42:11 - [TEST_STEP][PASSED] - comment("Story: Book an appointment"): Story: Book an appointment

04-10-2025T20:42:12 - [MESSAGE][INFO] - Story: Book an appointment

04-10-2025T20:42:12 - [TEST_STEP][PASSED] - comment("Given that the user has logged into their account"): Given that the user has logged into their account

04-10-2025T20:42:12 - [MESSAGE][INFO] - Given that the user has logged into their account

04-10-2025T20:42:12 - [TEST_STEP][PASSED] - openBrowser(G_SiteURL): Browser is opened with url: 'http://demoaut.katalon.com'

04-10-2025T20:42:12 - [MESSAGE][INFO] - Starting 'Chrome' driver

04-10-2025T20:42:12 - [MESSAGE][INFO] - User set preference: ['prefs', '{profile.password_manager_leak_detection=false}']

04-10-2025T20:42:12 - [MESSAGE][INFO] - User set preference: ['excludeSwitches', '[enable-automation]']

04-10-2025T20:42:12 - [MESSAGE][INFO] - Action delay is set to 0 milliseconds

04-10-2025T20:42:30 - [MESSAGE][PASSED] - Browser is opened with url: 'http://demoaut.katalon.com'

04-10-2025T20:42:30 - [TEST_STEP][PASSED] - takeScreenshot(): Taking screenshot successfully

04-10-2025T20:42:31 - [MESSAGE][PASSED] - Taking screenshot successfully
[[ATTACHMENT|/Users/kazuakiurayama/katalon-workspace/ContextTrace/app/Reports/20251004_204203/TS/20251004_204203/1759578150377.png]]

04-10-2025T20:42:31 - [TEST_STEP][PASSED] - callTestCase(findTestCase("Common Test Cases/Login"), ["Username":"John Doe", "Password":"ThisIsNotAPassword"], STOP_ON_FAILURE): Call Test Case 'Test Cases/Common Test Cases/Login' successfully

04-10-2025T20:42:31 - [TEST_CASE][PASSED] - Test Cases/Common Test Cases/Login: Test Cases/Common Test Cases/Login

04-10-2025T20:42:31 - [TEST_STEP][PASSED] - click(findTestObject("Page_CuraHomepage/btn_MakeAppointment")): Object: 'Object Repository/Page_CuraHomepage/btn_MakeAppointment' is clicked on

04-10-2025T20:42:34 - [MESSAGE][PASSED] - Object: 'Object Repository/Page_CuraHomepage/btn_MakeAppointment' is clicked on

04-10-2025T20:42:34 - [TEST_STEP][PASSED] - setText(findTestObject("Page_Login/txt_UserName"), Username): Text 'John Doe' is set on object 'Object Repository/Page_Login/txt_UserName'

04-10-2025T20:42:35 - [MESSAGE][PASSED] - Text 'John Doe' is set on object 'Object Repository/Page_Login/txt_UserName'

04-10-2025T20:42:35 - [TEST_STEP][PASSED] - setText(findTestObject("Page_Login/txt_Password"), Password): Text 'ThisIsNotAPassword' is set on object 'Object Repository/Page_Login/txt_Password'

04-10-2025T20:42:37 - [MESSAGE][PASSED] - Text 'ThisIsNotAPassword' is set on object 'Object Repository/Page_Login/txt_Password'

04-10-2025T20:42:37 - [TEST_STEP][PASSED] - takeScreenshot(): Taking screenshot successfully

04-10-2025T20:42:37 - [MESSAGE][PASSED] - Taking screenshot successfully
[[ATTACHMENT|/Users/kazuakiurayama/katalon-workspace/ContextTrace/app/Reports/20251004_204203/TS/20251004_204203/1759578157116.png]]

04-10-2025T20:42:37 - [TEST_STEP][PASSED] - click(findTestObject("Page_Login/btn_Login")): Object: 'Object Repository/Page_Login/btn_Login' is clicked on

04-10-2025T20:42:38 - [MESSAGE][PASSED] - Object: 'Object Repository/Page_Login/btn_Login' is clicked on

04-10-2025T20:42:38 - [TEST_STEP][PASSED] - landingPage = verifyElementPresent(findTestObject("Page_CuraAppointment/div_Appointment"), G_Timeout): Object 'Object Repository/Page_CuraAppointment/div_Appointment' is present

04-10-2025T20:42:40 - [MESSAGE][PASSED] - Object 'Object Repository/Page_CuraAppointment/div_Appointment' is present

04-10-2025T20:42:40 - [MESSAGE][PASSED] - Call Test Case 'Test Cases/Common Test Cases/Login' successfully

04-10-2025T20:42:40 - [TEST_STEP][PASSED] - comment("And Appointment page is displayed"): And Appointment page is displayed

04-10-2025T20:42:40 - [MESSAGE][INFO] - And Appointment page is displayed

04-10-2025T20:42:40 - [TEST_STEP][PASSED] - if (true): Text 'Please make appointment as soon as possible.' is set on object 'Object Repository/Page_CuraAppointment/txt_Comment'

04-10-2025T20:42:40 - [TEST_STEP][PASSED] - selectOptionByLabel(findTestObject("Page_CuraAppointment/lst_Facility"), "Hongkong CURA Healthcare Center", false): All options with label 'Hongkong CURA Healthcare Center' are selected in object 'Object Repository/Page_CuraAppointment/lst_Facility' 

04-10-2025T20:42:41 - [MESSAGE][PASSED] - All options with label 'Hongkong CURA Healthcare Center' are selected in object 'Object Repository/Page_CuraAppointment/lst_Facility' 

04-10-2025T20:42:41 - [TEST_STEP][PASSED] - check(findTestObject("Page_CuraAppointment/chk_Medicaid")): Object 'Object Repository/Page_CuraAppointment/chk_Medicaid' is checked

04-10-2025T20:42:41 - [MESSAGE][PASSED] - Object 'Object Repository/Page_CuraAppointment/chk_Medicaid' is checked

04-10-2025T20:42:41 - [TEST_STEP][PASSED] - check(findTestObject("Page_CuraAppointment/chk_Readmission")): Object 'Object Repository/Page_CuraAppointment/chk_Readmission' is checked

04-10-2025T20:42:42 - [MESSAGE][PASSED] - Object 'Object Repository/Page_CuraAppointment/chk_Readmission' is checked

04-10-2025T20:42:42 - [TEST_STEP][PASSED] - setText(findTestObject("Page_CuraAppointment/txt_VisitDate"), "27/12/2016"): Text '27/12/2016' is set on object 'Object Repository/Page_CuraAppointment/txt_VisitDate'

04-10-2025T20:42:45 - [MESSAGE][PASSED] - Text '27/12/2016' is set on object 'Object Repository/Page_CuraAppointment/txt_VisitDate'

04-10-2025T20:42:45 - [TEST_STEP][PASSED] - setText(findTestObject("Page_CuraAppointment/txt_Comment"), "Please make appointment as soon as possible."): Text 'Please make appointment as soon as possible.' is set on object 'Object Repository/Page_CuraAppointment/txt_Comment'

04-10-2025T20:42:46 - [MESSAGE][PASSED] - Text 'Please make appointment as soon as possible.' is set on object 'Object Repository/Page_CuraAppointment/txt_Comment'

04-10-2025T20:42:46 - [TEST_STEP][PASSED] - comment("When he fills in valid information in Appointment page"): When he fills in valid information in Appointment page

04-10-2025T20:42:46 - [MESSAGE][INFO] - When he fills in valid information in Appointment page

04-10-2025T20:42:46 - [TEST_STEP][PASSED] - takeScreenshot(): Taking screenshot successfully

04-10-2025T20:42:46 - [MESSAGE][PASSED] - Taking screenshot successfully
[[ATTACHMENT|/Users/kazuakiurayama/katalon-workspace/ContextTrace/app/Reports/20251004_204203/TS/20251004_204203/1759578166156.png]]

04-10-2025T20:42:46 - [TEST_STEP][PASSED] - click(findTestObject("Page_CuraAppointment/btn_BookAppointment")): Object: 'Object Repository/Page_CuraAppointment/btn_BookAppointment' is clicked on

04-10-2025T20:42:47 - [MESSAGE][PASSED] - Object: 'Object Repository/Page_CuraAppointment/btn_BookAppointment' is clicked on

04-10-2025T20:42:47 - [TEST_STEP][PASSED] - verifyElementPresent(findTestObject("Page_AppointmentConfirmation/lbl_Facility"), 30): Object 'Object Repository/Page_AppointmentConfirmation/lbl_Facility' is present

04-10-2025T20:42:48 - [MESSAGE][PASSED] - Object 'Object Repository/Page_AppointmentConfirmation/lbl_Facility' is present

04-10-2025T20:42:48 - [TEST_STEP][PASSED] - verifyTextPresent("Appointment Confirmation", false): Text 'Appointment Confirmation' is present on page 

04-10-2025T20:42:49 - [MESSAGE][PASSED] - Text 'Appointment Confirmation' is present on page 

04-10-2025T20:42:49 - [TEST_STEP][PASSED] - comment("Then he should be able to book a new appointment"): Then he should be able to book a new appointment

04-10-2025T20:42:49 - [MESSAGE][INFO] - Then he should be able to book a new appointment

04-10-2025T20:42:49 - [TEST_STEP][PASSED] - if (true): Actual text 'Please make appointment as soon as possible.' and expected text 'Please make appointment as soon as possible.' are matched 

04-10-2025T20:42:49 - [TEST_STEP][PASSED] - verifyMatch("Hongkong CURA Healthcare Center", getText(findTestObject("Page_AppointmentConfirmation/lbl_Facility")), false): Actual text 'Hongkong CURA Healthcare Center' and expected text 'Hongkong CURA Healthcare Center' are matched 

04-10-2025T20:42:50 - [MESSAGE][PASSED] - Text of object 'Object Repository/Page_AppointmentConfirmation/lbl_Facility' is: 'Hongkong CURA Healthcare Center'

04-10-2025T20:42:50 - [MESSAGE][PASSED] - Actual text 'Hongkong CURA Healthcare Center' and expected text 'Hongkong CURA Healthcare Center' are matched 

04-10-2025T20:42:50 - [TEST_STEP][PASSED] - verifyMatch("Yes", getText(findTestObject("Page_AppointmentConfirmation/lbl_HospitalReadmission")), false): Actual text 'Yes' and expected text 'Yes' are matched 

04-10-2025T20:42:51 - [MESSAGE][PASSED] - Text of object 'Object Repository/Page_AppointmentConfirmation/lbl_HospitalReadmission' is: 'Yes'

04-10-2025T20:42:51 - [MESSAGE][PASSED] - Actual text 'Yes' and expected text 'Yes' are matched 

04-10-2025T20:42:51 - [TEST_STEP][PASSED] - verifyMatch("Medicaid", getText(findTestObject("Page_AppointmentConfirmation/lbl_Program")), false): Actual text 'Medicaid' and expected text 'Medicaid' are matched 

04-10-2025T20:42:51 - [MESSAGE][PASSED] - Text of object 'Object Repository/Page_AppointmentConfirmation/lbl_Program' is: 'Medicaid'

04-10-2025T20:42:51 - [MESSAGE][PASSED] - Actual text 'Medicaid' and expected text 'Medicaid' are matched 

04-10-2025T20:42:51 - [TEST_STEP][PASSED] - verifyMatch("27/12/2016", getText(findTestObject("Page_AppointmentConfirmation/lbl_VisitDate")), false): Actual text '27/12/2016' and expected text '27/12/2016' are matched 

04-10-2025T20:42:51 - [MESSAGE][PASSED] - Text of object 'Object Repository/Page_AppointmentConfirmation/lbl_VisitDate' is: '27/12/2016'

04-10-2025T20:42:51 - [MESSAGE][PASSED] - Actual text '27/12/2016' and expected text '27/12/2016' are matched 

04-10-2025T20:42:51 - [TEST_STEP][PASSED] - verifyMatch("Please make appointment as soon as possible.", getText(findTestObject("Page_AppointmentConfirmation/lbl_Comment")), false): Actual text 'Please make appointment as soon as possible.' and expected text 'Please make appointment as soon as possible.' are matched 

04-10-2025T20:42:51 - [MESSAGE][PASSED] - Text of object 'Object Repository/Page_AppointmentConfirmation/lbl_Comment' is: 'Please make appointment as soon as possible.'

04-10-2025T20:42:51 - [MESSAGE][PASSED] - Actual text 'Please make appointment as soon as possible.' and expected text 'Please make appointment as soon as possible.' are matched 

04-10-2025T20:42:51 - [TEST_STEP][PASSED] - takeScreenshot(): Taking screenshot successfully

04-10-2025T20:42:52 - [MESSAGE][PASSED] - Taking screenshot successfully
[[ATTACHMENT|/Users/kazuakiurayama/katalon-workspace/ContextTrace/app/Reports/20251004_204203/TS/20251004_204203/1759578172001.png]]

04-10-2025T20:42:52 - [TEST_STEP][PASSED] - closeBrowser(): Browser is closed

04-10-2025T20:42:52 - [MESSAGE][PASSED] - Browser is closed]]></system-out>
         <system-err><![CDATA[]]></system-err>
      </testcase>
      <system-out><![CDATA[04-10-2025T20:42:10 - [TEST_STEP][PASSED] - Start listener action : beforeTestSuite: null

04-10-2025T20:42:10 - [TEST_STEP][PASSED] - ContextTrace.setTestSuiteContext(context): null

04-10-2025T20:42:10 - [TEST_SUITE][PASSED] - TS: null]]></system-out>
      <system-err><![CDATA[]]></system-err>
   </testsuite>
</testsuites>
